INFO [2022-09-17 12:39:07] $x
INFO [2022-09-17 12:39:07] list(cc_gene_test, seurat_cc_genes, GO0007049_genes, cyclebase3.0_genes)
INFO [2022-09-17 12:39:07] 
INFO [2022-09-17 12:39:07] $category.names
INFO [2022-09-17 12:39:07] c("find in Hela1", "Seurat", "GO0007049", "cyclebase3.0")
INFO [2022-09-17 12:39:07] 
INFO [2022-09-17 12:39:07] $filename
INFO [2022-09-17 12:39:07] [1] "./Hela1/plots/cc_genes_venn.png"
INFO [2022-09-17 12:39:07] 
INFO [2022-09-17 12:39:07] $imagetype
INFO [2022-09-17 12:39:07] [1] "png"
INFO [2022-09-17 12:39:07] 
INFO [2022-09-17 12:39:07] $height
INFO [2022-09-17 12:39:07] [1] 1000
INFO [2022-09-17 12:39:07] 
INFO [2022-09-17 12:39:07] $width
INFO [2022-09-17 12:39:07] [1] 1000
INFO [2022-09-17 12:39:07] 
INFO [2022-09-17 12:39:07] $resolution
INFO [2022-09-17 12:39:07] [1] 300
INFO [2022-09-17 12:39:07] 
INFO [2022-09-17 12:39:07] $compression
INFO [2022-09-17 12:39:07] [1] "lzw"
INFO [2022-09-17 12:39:07] 
INFO [2022-09-17 12:39:07] $col
INFO [2022-09-17 12:39:07] [1] "white"
INFO [2022-09-17 12:39:07] 
INFO [2022-09-17 12:39:07] $lty
INFO [2022-09-17 12:39:07] [1] 1
INFO [2022-09-17 12:39:07] 
INFO [2022-09-17 12:39:07] $lwd
INFO [2022-09-17 12:39:07] [1] 1
INFO [2022-09-17 12:39:07] 
INFO [2022-09-17 12:39:07] $fill
INFO [2022-09-17 12:39:07] c("#ffd7d8", "#d8f2e7", "#d9e7f2", "#eadff0")
INFO [2022-09-17 12:39:07] 
INFO [2022-09-17 12:39:07] $alpha
INFO [2022-09-17 12:39:07] [1] 0.9
INFO [2022-09-17 12:39:07] 
INFO [2022-09-17 12:39:07] $label.col
INFO [2022-09-17 12:39:07] [1] "black"
INFO [2022-09-17 12:39:07] 
INFO [2022-09-17 12:39:07] $cex
INFO [2022-09-17 12:39:07] [1] 0.5
INFO [2022-09-17 12:39:07] 
INFO [2022-09-17 12:39:07] $fontfamily
INFO [2022-09-17 12:39:07] [1] "serif"
INFO [2022-09-17 12:39:07] 
INFO [2022-09-17 12:39:07] $fontface
INFO [2022-09-17 12:39:07] [1] "bold"
INFO [2022-09-17 12:39:07] 
INFO [2022-09-17 12:39:07] $cat.col
INFO [2022-09-17 12:39:07] c("#cb6274", "#7ba498", "#687d94", "#81668b")
INFO [2022-09-17 12:39:07] 
INFO [2022-09-17 12:39:07] $cat.cex
INFO [2022-09-17 12:39:07] [1] 0.6
INFO [2022-09-17 12:39:07] 
INFO [2022-09-17 12:39:07] $cat.fontfamily
INFO [2022-09-17 12:39:07] [1] "serif"
INFO [2022-09-17 12:39:07] 
