INFO [2022-10-18 13:19:01] $x
INFO [2022-10-18 13:19:01] list(seurat_cc_genes, GO0007049_genes, cyclebase3.0_genes)
INFO [2022-10-18 13:19:01] 
INFO [2022-10-18 13:19:01] $category.names
INFO [2022-10-18 13:19:01] c("seurat", "GO0007049 ", "cyclebase3.0")
INFO [2022-10-18 13:19:01] 
INFO [2022-10-18 13:19:01] $filename
INFO [2022-10-18 13:19:01] [1] "./cc_genes/plots/Venn_of_cc_gene.png"
INFO [2022-10-18 13:19:01] 
INFO [2022-10-18 13:19:01] $output
INFO [2022-10-18 13:19:01] [1] TRUE
INFO [2022-10-18 13:19:01] 
INFO [2022-10-18 13:19:01] $imagetype
INFO [2022-10-18 13:19:01] [1] "png"
INFO [2022-10-18 13:19:01] 
INFO [2022-10-18 13:19:01] $height
INFO [2022-10-18 13:19:01] [1] 1000
INFO [2022-10-18 13:19:01] 
INFO [2022-10-18 13:19:01] $width
INFO [2022-10-18 13:19:01] [1] 1000
INFO [2022-10-18 13:19:01] 
INFO [2022-10-18 13:19:01] $resolution
INFO [2022-10-18 13:19:01] [1] 300
INFO [2022-10-18 13:19:01] 
INFO [2022-10-18 13:19:01] $compression
INFO [2022-10-18 13:19:01] [1] "lzw"
INFO [2022-10-18 13:19:01] 
INFO [2022-10-18 13:19:01] $lwd
INFO [2022-10-18 13:19:01] [1] 2
INFO [2022-10-18 13:19:01] 
INFO [2022-10-18 13:19:01] $lty
INFO [2022-10-18 13:19:01] [1] "blank"
INFO [2022-10-18 13:19:01] 
INFO [2022-10-18 13:19:01] $fill
INFO [2022-10-18 13:19:01] brewer.pal(3, "Pastel2")
INFO [2022-10-18 13:19:01] 
INFO [2022-10-18 13:19:01] $cex
INFO [2022-10-18 13:19:01] [1] 0.5
INFO [2022-10-18 13:19:01] 
INFO [2022-10-18 13:19:01] $fontface
INFO [2022-10-18 13:19:01] [1] "bold"
INFO [2022-10-18 13:19:01] 
INFO [2022-10-18 13:19:01] $fontfamily
INFO [2022-10-18 13:19:01] [1] "sans"
INFO [2022-10-18 13:19:01] 
INFO [2022-10-18 13:19:01] $cat.cex
INFO [2022-10-18 13:19:01] [1] 0.6
INFO [2022-10-18 13:19:01] 
INFO [2022-10-18 13:19:01] $cat.fontface
INFO [2022-10-18 13:19:01] [1] "bold"
INFO [2022-10-18 13:19:01] 
INFO [2022-10-18 13:19:01] $cat.default.pos
INFO [2022-10-18 13:19:01] [1] "outer"
INFO [2022-10-18 13:19:01] 
INFO [2022-10-18 13:19:01] $cat.pos
INFO [2022-10-18 13:19:01] c(-27, 27, 180)
INFO [2022-10-18 13:19:01] 
INFO [2022-10-18 13:19:01] $cat.dist
INFO [2022-10-18 13:19:01] c(0.055, 0.055, 0.055)
INFO [2022-10-18 13:19:01] 
INFO [2022-10-18 13:19:01] $cat.fontfamily
INFO [2022-10-18 13:19:01] [1] "sans"
INFO [2022-10-18 13:19:01] 
INFO [2022-10-18 13:19:01] $rotation
INFO [2022-10-18 13:19:01] [1] 1
INFO [2022-10-18 13:19:01] 
