INFO [2022-10-18 13:27:19] $x
INFO [2022-10-18 13:27:19] list(seurat_cc_genes, GO0007049_genes, cyclebase3.0_genes)
INFO [2022-10-18 13:27:19] 
INFO [2022-10-18 13:27:19] $category.names
INFO [2022-10-18 13:27:19] c("seurat", "GO0007049 ", "cyclebase3.0")
INFO [2022-10-18 13:27:19] 
INFO [2022-10-18 13:27:19] $filename
INFO [2022-10-18 13:27:19] paste0(dir_path, "plots/Venn_of_cc_gene.png")
INFO [2022-10-18 13:27:19] 
INFO [2022-10-18 13:27:19] $output
INFO [2022-10-18 13:27:19] [1] TRUE
INFO [2022-10-18 13:27:19] 
INFO [2022-10-18 13:27:19] $imagetype
INFO [2022-10-18 13:27:19] [1] "png"
INFO [2022-10-18 13:27:19] 
INFO [2022-10-18 13:27:19] $height
INFO [2022-10-18 13:27:19] [1] 1000
INFO [2022-10-18 13:27:19] 
INFO [2022-10-18 13:27:19] $width
INFO [2022-10-18 13:27:19] [1] 1000
INFO [2022-10-18 13:27:19] 
INFO [2022-10-18 13:27:19] $resolution
INFO [2022-10-18 13:27:19] [1] 300
INFO [2022-10-18 13:27:19] 
INFO [2022-10-18 13:27:19] $compression
INFO [2022-10-18 13:27:19] [1] "lzw"
INFO [2022-10-18 13:27:19] 
INFO [2022-10-18 13:27:19] $lwd
INFO [2022-10-18 13:27:19] [1] 2
INFO [2022-10-18 13:27:19] 
INFO [2022-10-18 13:27:19] $lty
INFO [2022-10-18 13:27:19] [1] "blank"
INFO [2022-10-18 13:27:19] 
INFO [2022-10-18 13:27:19] $fill
INFO [2022-10-18 13:27:19] brewer.pal(3, "Pastel2")
INFO [2022-10-18 13:27:19] 
INFO [2022-10-18 13:27:19] $cex
INFO [2022-10-18 13:27:19] [1] 0.5
INFO [2022-10-18 13:27:19] 
INFO [2022-10-18 13:27:19] $fontface
INFO [2022-10-18 13:27:19] [1] "bold"
INFO [2022-10-18 13:27:19] 
INFO [2022-10-18 13:27:19] $fontfamily
INFO [2022-10-18 13:27:19] [1] "sans"
INFO [2022-10-18 13:27:19] 
INFO [2022-10-18 13:27:19] $cat.cex
INFO [2022-10-18 13:27:19] [1] 0.6
INFO [2022-10-18 13:27:19] 
INFO [2022-10-18 13:27:19] $cat.fontface
INFO [2022-10-18 13:27:19] [1] "bold"
INFO [2022-10-18 13:27:19] 
INFO [2022-10-18 13:27:19] $cat.default.pos
INFO [2022-10-18 13:27:19] [1] "outer"
INFO [2022-10-18 13:27:19] 
INFO [2022-10-18 13:27:19] $cat.pos
INFO [2022-10-18 13:27:19] c(-27, 27, 180)
INFO [2022-10-18 13:27:19] 
INFO [2022-10-18 13:27:19] $cat.dist
INFO [2022-10-18 13:27:19] c(0.055, 0.055, 0.055)
INFO [2022-10-18 13:27:19] 
INFO [2022-10-18 13:27:19] $cat.fontfamily
INFO [2022-10-18 13:27:19] [1] "sans"
INFO [2022-10-18 13:27:19] 
INFO [2022-10-18 13:27:19] $rotation
INFO [2022-10-18 13:27:19] [1] 1
INFO [2022-10-18 13:27:19] 
